Arguments: 
  C:\Program Files\nodejs\node.exe C:\Program Files (x86)\Yarn\bin\yarn.js add --flat @webcomponents/webcomponents

PATH: 
  C:\Python3.6\Scripts\;C:\Python3.6\;C:\ProgramData\Oracle\Java\javapath;C:\Program Files (x86)\AMD APP\bin\x86_64;C:\Program Files (x86)\AMD APP\bin\x86;C:\WINDOWS\system32;C:\WINDOWS;C:\WINDOWS\System32\Wbem;C:\WINDOWS\System32\WindowsPowerShell\v1.0\;C:\Program Files (x86)\Windows Live\Shared;C:\Program Files (x86)\ATI Technologies\ATI.ACE\Core-Static;C:\Users\HP\AppData\Local\Android\sdk\platform-tools;C:\Users\HP\AppData\Local\Android\sdk\tools;C:\Program Files (x86)\Skype\Phone\;C:\Curl\;C:\Program Files\PostgreSQL\pg96\bin;C:\Program Files\nodejs\;C:\Program Files (x86)\Brackets\command;C:\Program Files\Microsoft SQL Server\130\Tools\Binn\;C:\Program Files\Git\cmd;C:\Program Files (x86)\sbt\bin;C:\Program Files\Microsoft SQL Server\Client SDK\ODBC\130\Tools\Binn\;C:\Program Files (x86)\Microsoft SQL Server\130\Tools\Binn\;C:\Program Files\Microsoft SQL Server\130\DTS\Binn\;F:\Program Files\OpenVPN\bin;C:\Program Files (x86)\Yarn\bin;C:\Users\HP\AppData\Local\Programs\Python\Python35-32\Scripts\;C:\Users\HP\AppData\Local\Programs\Python\Python35-32\;C:\Program Files\Java\jdk1.8.0_65\bin;C:\Program Files\Apache\Maven\apache-maven-3.3.9\bin;C:\Program Files\Heroku\bin;C:\Users\HP\AppData\Local\atom\bin;C:\Users\HP\AppData\Roaming\npm;C:\Program Files (x86)\Microsoft VS Code\bin;C:\Users\HP\AppData\Local\.meteor\;C:\Scala\scala-2.12.3\bin;C:\Users\HP\AppData\Local\Yarn\bin

Yarn version: 
  1.1.0

Node version: 
  8.5.0

Platform: 
  win32 x64

npm manifest: 
  {
    "name": "FirstApp",
    "version": "1.0.0",
    "main": "index.js",
    "author": "Sagar",
    "license": "MIT",
    "dependencies": {
      "@polymer/polymer": "^3.0.0-pre.1"
    }
  }

yarn manifest: 
  No manifest

Lockfile: 
  # THIS IS AN AUTOGENERATED FILE. DO NOT EDIT THIS FILE DIRECTLY.
  # yarn lockfile v1
  
  
  "@polymer/polymer@^3.0.0-pre.1":
    version "3.0.0-pre.1"
    resolved "https://registry.yarnpkg.com/@polymer/polymer/-/polymer-3.0.0-pre.1.tgz#9fc26b5259aad9265f324ced02de715991d2eabe"
    dependencies:
      "@webcomponents/shadycss" "^1.0.0"
      "@webcomponents/webcomponentsjs" "^1.0.0"
  
  "@webcomponents/shadycss@^1.0.0":
    version "1.0.6"
    resolved "https://registry.yarnpkg.com/@webcomponents/shadycss/-/shadycss-1.0.6.tgz#5679919c43da77cbc884ba0bef6457111c65d7cd"
  
  "@webcomponents/webcomponentsjs@^1.0.0":
    version "1.0.13"
    resolved "https://registry.yarnpkg.com/@webcomponents/webcomponentsjs/-/webcomponentsjs-1.0.13.tgz#c42e4c321a0b252f721bead04111ebd4dfc39969"

Trace: 
  Error: https://registry.yarnpkg.com/@webcomponents%2fwebcomponents: Not found
      at Request.params.callback [as _callback] (C:\Program Files (x86)\Yarn\lib\cli.js:61779:18)
      at Request.self.callback (C:\Program Files (x86)\Yarn\lib\cli.js:121917:22)
      at emitTwo (events.js:125:13)
      at Request.emit (events.js:213:7)
      at Request.<anonymous> (C:\Program Files (x86)\Yarn\lib\cli.js:122900:10)
      at emitOne (events.js:115:13)
      at Request.emit (events.js:210:7)
      at IncomingMessage.<anonymous> (C:\Program Files (x86)\Yarn\lib\cli.js:122820:12)
      at Object.onceWrapper (events.js:314:30)
      at emitNone (events.js:110:20)
